[INFO  - 2017-05-27T13:49:59.359Z] GhostDriver - Main - running on port 48356
[INFO  - 2017-05-27T13:50:02.219Z] Session [61b17a40-42e3-11e7-a4a9-5f89e2925185] - page.settings - {"XSSAuditingEnabled":false,"javascriptCanCloseWindows":true,"javascriptCanOpenWindows":true,"javascriptEnabled":true,"loadImages":false,"localToRemoteUrlAccessEnabled":false,"userAgent":"Mozilla/5.0 (Windows NT 6.2; WOW64) AppleWebKit/538.1 (KHTML, like Gecko) PhantomJS/2.1.1 Safari/538.1","webSecurityEnabled":true}
[INFO  - 2017-05-27T13:50:02.219Z] Session [61b17a40-42e3-11e7-a4a9-5f89e2925185] - page.customHeaders:  - {}
[INFO  - 2017-05-27T13:50:02.219Z] Session [61b17a40-42e3-11e7-a4a9-5f89e2925185] - Session.negotiatedCapabilities - {"browserName":"phantomjs","version":"2.1.1","driverName":"ghostdriver","driverVersion":"1.2.0","platform":"windows-8.1-32bit","javascriptEnabled":true,"takesScreenshot":true,"handlesAlerts":false,"databaseEnabled":false,"locationContextEnabled":false,"applicationCacheEnabled":false,"browserConnectionEnabled":false,"cssSelectorsEnabled":true,"webStorageEnabled":false,"rotatable":false,"acceptSslCerts":false,"nativeEvents":true,"proxy":{"proxyType":"direct"}}
[INFO  - 2017-05-27T13:50:02.219Z] SessionManagerReqHand - _postNewSessionCommand - New Session Created: 61b17a40-42e3-11e7-a4a9-5f89e2925185
[ERROR - 2017-05-27T13:50:06.809Z] Session [61b17a40-42e3-11e7-a4a9-5f89e2925185] - page.onError - msg: kg/search-suggest/6.2.11/index is not loaded! can not find module in path : https://g.alicdn.com/kg/??search-suggest/6.2.11/index-min.js,search-suggest/6.2.11/plugin/history-min.js,search-suggest/6.2.11/plugin/cloud-min.js,search-suggest/6.2.11/plugin/tab-min.js,search-suggest/6.2.11/plugin/history-magic-min.js,search-suggest/6.2.11/plugin/imgsearch-min.js,search-suggest/6.2.11/theme/pailitao/index-min.js

  phantomjs://platform/console++.js:263 in error
[ERROR - 2017-05-27T13:50:06.809Z] Session [61b17a40-42e3-11e7-a4a9-5f89e2925185] - page.onError - stack:
  (anonymous function) (https://g.alicdn.com/??kissy/k/6.2.4/seed-min.js,kg/global-util/1.0.5/index-min.js,tb/tracker/4.0.1/p/index/index.js,kg/tb-nav/2.3.2/index-min.js,secdev/sufei_data/3.0.8/index.js:5)

  phantomjs://platform/console++.js:263 in error
[ERROR - 2017-05-27T13:50:06.809Z] Session [61b17a40-42e3-11e7-a4a9-5f89e2925185] - page.onError - msg: kg/search-suggest/6.2.11/plugin/history is not loaded! can not find module in path : https://g.alicdn.com/kg/??search-suggest/6.2.11/index-min.js,search-suggest/6.2.11/plugin/history-min.js,search-suggest/6.2.11/plugin/cloud-min.js,search-suggest/6.2.11/plugin/tab-min.js,search-suggest/6.2.11/plugin/history-magic-min.js,search-suggest/6.2.11/plugin/imgsearch-min.js,search-suggest/6.2.11/theme/pailitao/index-min.js

  phantomjs://platform/console++.js:263 in error
[ERROR - 2017-05-27T13:50:06.810Z] Session [61b17a40-42e3-11e7-a4a9-5f89e2925185] - page.onError - stack:
  (anonymous function) (https://g.alicdn.com/??kissy/k/6.2.4/seed-min.js,kg/global-util/1.0.5/index-min.js,tb/tracker/4.0.1/p/index/index.js,kg/tb-nav/2.3.2/index-min.js,secdev/sufei_data/3.0.8/index.js:5)

  phantomjs://platform/console++.js:263 in error
[ERROR - 2017-05-27T13:50:06.810Z] Session [61b17a40-42e3-11e7-a4a9-5f89e2925185] - page.onError - msg: kg/search-suggest/6.2.11/plugin/cloud is not loaded! can not find module in path : https://g.alicdn.com/kg/??search-suggest/6.2.11/index-min.js,search-suggest/6.2.11/plugin/history-min.js,search-suggest/6.2.11/plugin/cloud-min.js,search-suggest/6.2.11/plugin/tab-min.js,search-suggest/6.2.11/plugin/history-magic-min.js,search-suggest/6.2.11/plugin/imgsearch-min.js,search-suggest/6.2.11/theme/pailitao/index-min.js

  phantomjs://platform/console++.js:263 in error
[ERROR - 2017-05-27T13:50:06.810Z] Session [61b17a40-42e3-11e7-a4a9-5f89e2925185] - page.onError - stack:
  (anonymous function) (https://g.alicdn.com/??kissy/k/6.2.4/seed-min.js,kg/global-util/1.0.5/index-min.js,tb/tracker/4.0.1/p/index/index.js,kg/tb-nav/2.3.2/index-min.js,secdev/sufei_data/3.0.8/index.js:5)

  phantomjs://platform/console++.js:263 in error
[ERROR - 2017-05-27T13:50:06.810Z] Session [61b17a40-42e3-11e7-a4a9-5f89e2925185] - page.onError - msg: kg/search-suggest/6.2.11/plugin/tab is not loaded! can not find module in path : https://g.alicdn.com/kg/??search-suggest/6.2.11/index-min.js,search-suggest/6.2.11/plugin/history-min.js,search-suggest/6.2.11/plugin/cloud-min.js,search-suggest/6.2.11/plugin/tab-min.js,search-suggest/6.2.11/plugin/history-magic-min.js,search-suggest/6.2.11/plugin/imgsearch-min.js,search-suggest/6.2.11/theme/pailitao/index-min.js

  phantomjs://platform/console++.js:263 in error
[ERROR - 2017-05-27T13:50:06.810Z] Session [61b17a40-42e3-11e7-a4a9-5f89e2925185] - page.onError - stack:
  (anonymous function) (https://g.alicdn.com/??kissy/k/6.2.4/seed-min.js,kg/global-util/1.0.5/index-min.js,tb/tracker/4.0.1/p/index/index.js,kg/tb-nav/2.3.2/index-min.js,secdev/sufei_data/3.0.8/index.js:5)

  phantomjs://platform/console++.js:263 in error
[ERROR - 2017-05-27T13:50:06.810Z] Session [61b17a40-42e3-11e7-a4a9-5f89e2925185] - page.onError - msg: kg/search-suggest/6.2.11/plugin/history-magic is not loaded! can not find module in path : https://g.alicdn.com/kg/??search-suggest/6.2.11/index-min.js,search-suggest/6.2.11/plugin/history-min.js,search-suggest/6.2.11/plugin/cloud-min.js,search-suggest/6.2.11/plugin/tab-min.js,search-suggest/6.2.11/plugin/history-magic-min.js,search-suggest/6.2.11/plugin/imgsearch-min.js,search-suggest/6.2.11/theme/pailitao/index-min.js

  phantomjs://platform/console++.js:263 in error
[ERROR - 2017-05-27T13:50:06.810Z] Session [61b17a40-42e3-11e7-a4a9-5f89e2925185] - page.onError - stack:
  (anonymous function) (https://g.alicdn.com/??kissy/k/6.2.4/seed-min.js,kg/global-util/1.0.5/index-min.js,tb/tracker/4.0.1/p/index/index.js,kg/tb-nav/2.3.2/index-min.js,secdev/sufei_data/3.0.8/index.js:5)

  phantomjs://platform/console++.js:263 in error
[ERROR - 2017-05-27T13:50:06.810Z] Session [61b17a40-42e3-11e7-a4a9-5f89e2925185] - page.onError - msg: kg/search-suggest/6.2.11/plugin/imgsearch is not loaded! can not find module in path : https://g.alicdn.com/kg/??search-suggest/6.2.11/index-min.js,search-suggest/6.2.11/plugin/history-min.js,search-suggest/6.2.11/plugin/cloud-min.js,search-suggest/6.2.11/plugin/tab-min.js,search-suggest/6.2.11/plugin/history-magic-min.js,search-suggest/6.2.11/plugin/imgsearch-min.js,search-suggest/6.2.11/theme/pailitao/index-min.js

  phantomjs://platform/console++.js:263 in error
[ERROR - 2017-05-27T13:50:06.810Z] Session [61b17a40-42e3-11e7-a4a9-5f89e2925185] - page.onError - stack:
  (anonymous function) (https://g.alicdn.com/??kissy/k/6.2.4/seed-min.js,kg/global-util/1.0.5/index-min.js,tb/tracker/4.0.1/p/index/index.js,kg/tb-nav/2.3.2/index-min.js,secdev/sufei_data/3.0.8/index.js:5)

  phantomjs://platform/console++.js:263 in error
[ERROR - 2017-05-27T13:50:06.810Z] Session [61b17a40-42e3-11e7-a4a9-5f89e2925185] - page.onError - msg: kg/search-suggest/6.2.11/theme/pailitao/index is not loaded! can not find module in path : https://g.alicdn.com/kg/??search-suggest/6.2.11/index-min.js,search-suggest/6.2.11/plugin/history-min.js,search-suggest/6.2.11/plugin/cloud-min.js,search-suggest/6.2.11/plugin/tab-min.js,search-suggest/6.2.11/plugin/history-magic-min.js,search-suggest/6.2.11/plugin/imgsearch-min.js,search-suggest/6.2.11/theme/pailitao/index-min.js

  phantomjs://platform/console++.js:263 in error
[ERROR - 2017-05-27T13:50:06.811Z] Session [61b17a40-42e3-11e7-a4a9-5f89e2925185] - page.onError - stack:
  (anonymous function) (https://g.alicdn.com/??kissy/k/6.2.4/seed-min.js,kg/global-util/1.0.5/index-min.js,tb/tracker/4.0.1/p/index/index.js,kg/tb-nav/2.3.2/index-min.js,secdev/sufei_data/3.0.8/index.js:5)

  phantomjs://platform/console++.js:263 in error
[ERROR - 2017-05-27T13:50:06.811Z] Session [61b17a40-42e3-11e7-a4a9-5f89e2925185] - page.onError - msg: /mm/tb-page-peel/0.0.5/index is not loaded! can not find module in path : https://g.alicdn.com/mm/tb-page-peel/0.0.5/index-min.js

  phantomjs://platform/console++.js:263 in error
[ERROR - 2017-05-27T13:50:06.811Z] Session [61b17a40-42e3-11e7-a4a9-5f89e2925185] - page.onError - stack:
  (anonymous function) (https://g.alicdn.com/??kissy/k/6.2.4/seed-min.js,kg/global-util/1.0.5/index-min.js,tb/tracker/4.0.1/p/index/index.js,kg/tb-nav/2.3.2/index-min.js,secdev/sufei_data/3.0.8/index.js:5)

  phantomjs://platform/console++.js:263 in error
[ERROR - 2017-05-27T13:50:06.814Z] Session [61b17a40-42e3-11e7-a4a9-5f89e2925185] - page.onError - msg: kg/search-suggest/6.2.11/new_suggest.css is not loaded! can not find module in path : https://g.alicdn.com/kg/??search-suggest/6.2.11/new_suggest-min.css

  phantomjs://platform/console++.js:263 in error
[ERROR - 2017-05-27T13:50:06.815Z] Session [61b17a40-42e3-11e7-a4a9-5f89e2925185] - page.onError - stack:
  (anonymous function) (https://g.alicdn.com/??kissy/k/6.2.4/seed-min.js,kg/global-util/1.0.5/index-min.js,tb/tracker/4.0.1/p/index/index.js,kg/tb-nav/2.3.2/index-min.js,secdev/sufei_data/3.0.8/index.js:5)

  phantomjs://platform/console++.js:263 in error
[INFO  - 2017-05-27T13:54:59.356Z] SessionManagerReqHand - _cleanupWindowlessSessions - Asynchronous Sessions clean-up phase starting NOW
Fatal Windows exception, code 0xc0000005.
PhantomJS has crashed. Please read the bug reporting guide at
<http://phantomjs.org/bug-reporting.html> and file a bug report.
